# JRE version: OpenJDK Runtime Environment Temurin-17.0.9+9 (17.0.9+9) (build 17.0.9+9)
# Java VM: OpenJDK 64-Bit Server VM Temurin-17.0.9+9 (17.0.9+9, mixed mode, emulated-client, tiered, compressed oops, compressed class ptrs, g1 gc, windows-amd64)
GC Precious Log:
 CPUs: 12 total, 12 available
 Memory: 7930M
 Large Page Support: Disabled
 NUMA Support: Disabled
 Compressed Oops: Enabled (32-bit)
 Heap Region Size: 1M
 Heap Min Capacity: 8M
 Heap Initial Capacity: 124M
 Heap Max Capacity: 1G
 Pre-touch: Disabled
 Parallel Workers: 10
 Concurrent Workers: 3
 Concurrent Refinement Workers: 10
 Periodic GC: Disabled
Heap:
 garbage-first heap   total 82944K, used 27110K [0x00000000c0000000, 0x0000000100000000)
  region size 1024K, 1 young (1024K), 0 survivors (0K)
 Metaspace       used 56581K, committed 57408K, reserved 1114112K
  class space    used 6966K, committed 7296K, reserved 1048576K
GC Heap History (20 events):
Event: 4461.417 GC heap before
{Heap before GC invocations=443 (full 430):
 garbage-first heap   total 82944K, used 27110K [0x00000000c0000000, 0x0000000100000000)
  region size 1024K, 1 young (1024K), 0 survivors (0K)
 Metaspace       used 56581K, committed 57408K, reserved 1114112K
  class space    used 6966K, committed 7296K, reserved 1048576K
}
Event: 4461.452 GC heap after
{Heap after GC invocations=444 (full 431):
 garbage-first heap   total 82944K, used 27110K [0x00000000c0000000, 0x0000000100000000)
  region size 1024K, 0 young (0K), 0 survivors (0K)
 Metaspace       used 56581K, committed 57408K, reserved 1114112K
  class space    used 6966K, committed 7296K, reserved 1048576K
}
Event: 4471.718 GC heap before
{Heap before GC invocations=444 (full 431):
 garbage-first heap   total 82944K, used 27110K [0x00000000c0000000, 0x0000000100000000)
  region size 1024K, 1 young (1024K), 0 survivors (0K)
 Metaspace       used 56581K, committed 57408K, reserved 1114112K
  class space    used 6966K, committed 7296K, reserved 1048576K
}
Event: 4471.746 GC heap after
{Heap after GC invocations=445 (full 432):
 garbage-first heap   total 82944K, used 27110K [0x00000000c0000000, 0x0000000100000000)
  region size 1024K, 0 young (0K), 0 survivors (0K)
 Metaspace       used 56581K, committed 57408K, reserved 1114112K
  class space    used 6966K, committed 7296K, reserved 1048576K
}
Event: 4481.991 GC heap before
{Heap before GC invocations=445 (full 432):
 garbage-first heap   total 82944K, used 27110K [0x00000000c0000000, 0x0000000100000000)
  region size 1024K, 1 young (1024K), 0 survivors (0K)
 Metaspace       used 56581K, committed 57408K, reserved 1114112K
  class space    used 6966K, committed 7296K, reserved 1048576K
}
Event: 4482.020 GC heap after
{Heap after GC invocations=446 (full 433):
 garbage-first heap   total 82944K, used 27110K [0x00000000c0000000, 0x0000000100000000)
  region size 1024K, 0 young (0K), 0 survivors (0K)
 Metaspace       used 56581K, committed 57408K, reserved 1114112K
  class space    used 6966K, committed 7296K, reserved 1048576K
}
Event: 4492.298 GC heap before
{Heap before GC invocations=446 (full 433):
 garbage-first heap   total 82944K, used 27110K [0x00000000c0000000, 0x0000000100000000)
  region size 1024K, 1 young (1024K), 0 survivors (0K)
 Metaspace       used 56581K, committed 57408K, reserved 1114112K
  class space    used 6966K, committed 7296K, reserved 1048576K
}
Event: 4492.334 GC heap after
{Heap after GC invocations=447 (full 434):
 garbage-first heap   total 82944K, used 27110K [0x00000000c0000000, 0x0000000100000000)
  region size 1024K, 0 young (0K), 0 survivors (0K)
 Metaspace       used 56581K, committed 57408K, reserved 1114112K
  class space    used 6966K, committed 7296K, reserved 1048576K
}
Event: 4502.622 GC heap before
{Heap before GC invocations=447 (full 434):
 garbage-first heap   total 82944K, used 27110K [0x00000000c0000000, 0x0000000100000000)
  region size 1024K, 1 young (1024K), 0 survivors (0K)
 Metaspace       used 56581K, committed 57408K, reserved 1114112K
  class space    used 6966K, committed 7296K, reserved 1048576K
}
Event: 4502.657 GC heap after
{Heap after GC invocations=448 (full 435):
 garbage-first heap   total 82944K, used 27110K [0x00000000c0000000, 0x0000000100000000)
  region size 1024K, 0 young (0K), 0 survivors (0K)
 Metaspace       used 56581K, committed 57408K, reserved 1114112K
  class space    used 6966K, committed 7296K, reserved 1048576K
}
Event: 4513.143 GC heap before
{Heap before GC invocations=448 (full 435):
 garbage-first heap   total 82944K, used 27110K [0x00000000c0000000, 0x0000000100000000)
  region size 1024K, 1 young (1024K), 0 survivors (0K)
 Metaspace       used 56581K, committed 57408K, reserved 1114112K
  class space    used 6966K, committed 7296K, reserved 1048576K
}
Event: 4513.194 GC heap after
{Heap after GC invocations=449 (full 436):
 garbage-first heap   total 82944K, used 27110K [0x00000000c0000000, 0x0000000100000000)
  region size 1024K, 0 young (0K), 0 survivors (0K)
 Metaspace       used 56581K, committed 57408K, reserved 1114112K
  class space    used 6966K, committed 7296K, reserved 1048576K
}
Event: 4523.513 GC heap before
{Heap before GC invocations=449 (full 436):
 garbage-first heap   total 82944K, used 27110K [0x00000000c0000000, 0x0000000100000000)
  region size 1024K, 1 young (1024K), 0 survivors (0K)
 Metaspace       used 56581K, committed 57408K, reserved 1114112K
  class space    used 6966K, committed 7296K, reserved 1048576K
}
Event: 4523.547 GC heap after
{Heap after GC invocations=450 (full 437):
 garbage-first heap   total 82944K, used 27110K [0x00000000c0000000, 0x0000000100000000)
  region size 1024K, 0 young (0K), 0 survivors (0K)
 Metaspace       used 56581K, committed 57408K, reserved 1114112K
  class space    used 6966K, committed 7296K, reserved 1048576K
}
Event: 4533.975 GC heap before
{Heap before GC invocations=450 (full 437):
 garbage-first heap   total 82944K, used 27110K [0x00000000c0000000, 0x0000000100000000)
  region size 1024K, 1 young (1024K), 0 survivors (0K)
 Metaspace       used 56581K, committed 57408K, reserved 1114112K
  class space    used 6966K, committed 7296K, reserved 1048576K
}
Event: 4534.014 GC heap after
{Heap after GC invocations=451 (full 438):
 garbage-first heap   total 82944K, used 27110K [0x00000000c0000000, 0x0000000100000000)
  region size 1024K, 0 young (0K), 0 survivors (0K)
 Metaspace       used 56581K, committed 57408K, reserved 1114112K
  class space    used 6966K, committed 7296K, reserved 1048576K
}
Event: 4544.314 GC heap before
{Heap before GC invocations=451 (full 438):
 garbage-first heap   total 82944K, used 27110K [0x00000000c0000000, 0x0000000100000000)
  region size 1024K, 1 young (1024K), 0 survivors (0K)
 Metaspace       used 56581K, committed 57408K, reserved 1114112K
  class space    used 6966K, committed 7296K, reserved 1048576K
}
Event: 4544.348 GC heap after
{Heap after GC invocations=452 (full 439):
 garbage-first heap   total 82944K, used 27110K [0x00000000c0000000, 0x0000000100000000)
  region size 1024K, 0 young (0K), 0 survivors (0K)
 Metaspace       used 56581K, committed 57408K, reserved 1114112K
  class space    used 6966K, committed 7296K, reserved 1048576K
}
Event: 4554.651 GC heap before
{Heap before GC invocations=452 (full 439):
 garbage-first heap   total 82944K, used 27110K [0x00000000c0000000, 0x0000000100000000)
  region size 1024K, 1 young (1024K), 0 survivors (0K)
 Metaspace       used 56581K, committed 57408K, reserved 1114112K
  class space    used 6966K, committed 7296K, reserved 1048576K
}
Event: 4554.685 GC heap after
{Heap after GC invocations=453 (full 440):
 garbage-first heap   total 82944K, used 27110K [0x00000000c0000000, 0x0000000100000000)
  region size 1024K, 0 young (0K), 0 survivors (0K)
 Metaspace       used 56581K, committed 57408K, reserved 1114112K
  class space    used 6966K, committed 7296K, reserved 1048576K
}

